<?xml version="1.0" encoding="UTF-8"?>
<testsuite xmlns:xsi="http://www.w3.org/2001/XMLSchema-instance" xsi:noNamespaceSchemaLocation="https://maven.apache.org/surefire/maven-surefire-plugin/xsd/surefire-test-report.xsd" name="com.sacle.MyTest" time="191.738" tests="1" errors="0" skipped="0" failures="0">
  <properties>
    <property name="sun.desktop" value="gnome"/>
    <property name="awt.toolkit" value="sun.awt.X11.XToolkit"/>
    <property name="file.encoding.pkg" value="sun.io"/>
    <property name="java.specification.version" value="1.8"/>
    <property name="sun.cpu.isalist" value=""/>
    <property name="sun.jnu.encoding" value="UTF-8"/>
    <property name="java.class.path" value="/media/DATA/000-Home/workspaces/workspace-aviva-uk/download-web-page/target/test-classes:/media/DATA/000-Home/workspaces/workspace-aviva-uk/download-web-page/target/classes:/media/DATA/000-Home/workspaces/workspace-aviva-uk/download-web-page/libs/qa-support-0.0.1-SNAPSHOT.jar:/home/local/SUTRIXMEDIA1/sac.le/.m2/repository/commons-validator/commons-validator/1.6/commons-validator-1.6.jar:/home/local/SUTRIXMEDIA1/sac.le/.m2/repository/commons-beanutils/commons-beanutils/1.9.2/commons-beanutils-1.9.2.jar:/home/local/SUTRIXMEDIA1/sac.le/.m2/repository/commons-digester/commons-digester/1.8.1/commons-digester-1.8.1.jar:/home/local/SUTRIXMEDIA1/sac.le/.m2/repository/commons-logging/commons-logging/1.2/commons-logging-1.2.jar:/home/local/SUTRIXMEDIA1/sac.le/.m2/repository/commons-collections/commons-collections/3.2.2/commons-collections-3.2.2.jar:/home/local/SUTRIXMEDIA1/sac.le/.m2/repository/org/glassfish/javax.json/1.0.4/javax.json-1.0.4.jar:/home/local/SUTRIXMEDIA1/sac.le/.m2/repository/org/apache/httpcomponents/httpclient/4.4/httpclient-4.4.jar:/home/local/SUTRIXMEDIA1/sac.le/.m2/repository/org/apache/httpcomponents/httpcore/4.4/httpcore-4.4.jar:/home/local/SUTRIXMEDIA1/sac.le/.m2/repository/commons-codec/commons-codec/1.9/commons-codec-1.9.jar:/home/local/SUTRIXMEDIA1/sac.le/.m2/repository/net/sf/json-lib/json-lib/2.4/json-lib-2.4-jdk15.jar:/home/local/SUTRIXMEDIA1/sac.le/.m2/repository/commons-lang/commons-lang/2.5/commons-lang-2.5.jar:/home/local/SUTRIXMEDIA1/sac.le/.m2/repository/net/sf/ezmorph/ezmorph/1.0.6/ezmorph-1.0.6.jar:/home/local/SUTRIXMEDIA1/sac.le/.m2/repository/org/codehaus/plexus/plexus-utils/3.0.1/plexus-utils-3.0.1.jar:/home/local/SUTRIXMEDIA1/sac.le/.m2/repository/org/apache/maven/maven-plugin-api/2.0/maven-plugin-api-2.0.jar:/home/local/SUTRIXMEDIA1/sac.le/.m2/repository/org/apache/maven/reporting/maven-reporting-api/2.0.8/maven-reporting-api-2.0.8.jar:/home/local/SUTRIXMEDIA1/sac.le/.m2/repository/org/apache/maven/doxia/doxia-sink-api/1.0-alpha-9/doxia-sink-api-1.0-alpha-9.jar:/home/local/SUTRIXMEDIA1/sac.le/.m2/repository/org/apache/maven/reporting/maven-reporting-impl/2.0.4.3/maven-reporting-impl-2.0.4.3.jar:/home/local/SUTRIXMEDIA1/sac.le/.m2/repository/org/apache/maven/maven-project/2.0.4/maven-project-2.0.4.jar:/home/local/SUTRIXMEDIA1/sac.le/.m2/repository/org/apache/maven/maven-settings/2.0.4/maven-settings-2.0.4.jar:/home/local/SUTRIXMEDIA1/sac.le/.m2/repository/org/apache/maven/maven-profile/2.0.4/maven-profile-2.0.4.jar:/home/local/SUTRIXMEDIA1/sac.le/.m2/repository/org/apache/maven/maven-model/2.0.4/maven-model-2.0.4.jar:/home/local/SUTRIXMEDIA1/sac.le/.m2/repository/org/apache/maven/maven-artifact-manager/2.0.4/maven-artifact-manager-2.0.4.jar:/home/local/SUTRIXMEDIA1/sac.le/.m2/repository/org/apache/maven/maven-repository-metadata/2.0.4/maven-repository-metadata-2.0.4.jar:/home/local/SUTRIXMEDIA1/sac.le/.m2/repository/org/apache/maven/wagon/wagon-provider-api/1.0-alpha-6/wagon-provider-api-1.0-alpha-6.jar:/home/local/SUTRIXMEDIA1/sac.le/.m2/repository/org/apache/maven/maven-artifact/2.0.4/maven-artifact-2.0.4.jar:/home/local/SUTRIXMEDIA1/sac.le/.m2/repository/org/codehaus/plexus/plexus-container-default/1.0-alpha-9/plexus-container-default-1.0-alpha-9.jar:/home/local/SUTRIXMEDIA1/sac.le/.m2/repository/classworlds/classworlds/1.1-alpha-2/classworlds-1.1-alpha-2.jar:/home/local/SUTRIXMEDIA1/sac.le/.m2/repository/org/apache/maven/doxia/doxia-core/1.0/doxia-core-1.0.jar:/home/local/SUTRIXMEDIA1/sac.le/.m2/repository/org/apache/maven/doxia/doxia-site-renderer/1.0/doxia-site-renderer-1.0.jar:/home/local/SUTRIXMEDIA1/sac.le/.m2/repository/org/codehaus/plexus/plexus-i18n/1.0-beta-7/plexus-i18n-1.0-beta-7.jar:/home/local/SUTRIXMEDIA1/sac.le/.m2/repository/org/codehaus/plexus/plexus-velocity/1.1.7/plexus-velocity-1.1.7.jar:/home/local/SUTRIXMEDIA1/sac.le/.m2/repository/org/apache/velocity/velocity/1.5/velocity-1.5.jar:/home/local/SUTRIXMEDIA1/sac.le/.m2/repository/oro/oro/2.0.8/oro-2.0.8.jar:/home/local/SUTRIXMEDIA1/sac.le/.m2/repository/org/apache/maven/doxia/doxia-decoration-model/1.0/doxia-decoration-model-1.0.jar:/home/local/SUTRIXMEDIA1/sac.le/.m2/repository/org/apache/maven/doxia/doxia-module-apt/1.0/doxia-module-apt-1.0.jar:/home/local/SUTRIXMEDIA1/sac.le/.m2/repository/org/apache/maven/doxia/doxia-module-fml/1.0/doxia-module-fml-1.0.jar:/home/local/SUTRIXMEDIA1/sac.le/.m2/repository/org/apache/maven/doxia/doxia-module-xdoc/1.0/doxia-module-xdoc-1.0.jar:/home/local/SUTRIXMEDIA1/sac.le/.m2/repository/org/apache/maven/doxia/doxia-module-xhtml/1.0/doxia-module-xhtml-1.0.jar:/home/local/SUTRIXMEDIA1/sac.le/.m2/repository/org/apache/maven/shared/maven-doxia-tools/1.0.2/maven-doxia-tools-1.0.2.jar:/home/local/SUTRIXMEDIA1/sac.le/.m2/repository/org/json/json/20151123/json-20151123.jar:/home/local/SUTRIXMEDIA1/sac.le/.m2/repository/net/arnx/jsonic/1.3.0/jsonic-1.3.0.jar:/home/local/SUTRIXMEDIA1/sac.le/.m2/repository/org/apache/commons/commons-lang3/3.0/commons-lang3-3.0.jar:/home/local/SUTRIXMEDIA1/sac.le/.m2/repository/org/seleniumhq/selenium/selenium-htmlunit-driver/2.52.0/selenium-htmlunit-driver-2.52.0.jar:/home/local/SUTRIXMEDIA1/sac.le/.m2/repository/org/seleniumhq/selenium/selenium-support/2.52.0/selenium-support-2.52.0.jar:/home/local/SUTRIXMEDIA1/sac.le/.m2/repository/net/sourceforge/htmlunit/htmlunit/2.18/htmlunit-2.18.jar:/home/local/SUTRIXMEDIA1/sac.le/.m2/repository/net/sourceforge/nekohtml/nekohtml/1.9.22/nekohtml-1.9.22.jar:/home/local/SUTRIXMEDIA1/sac.le/.m2/repository/xml-apis/xml-apis/1.4.01/xml-apis-1.4.01.jar:/home/local/SUTRIXMEDIA1/sac.le/.m2/repository/org/apache/poi/poi-ooxml/3.15/poi-ooxml-3.15.jar:/home/local/SUTRIXMEDIA1/sac.le/.m2/repository/org/apache/poi/poi-ooxml-schemas/3.15/poi-ooxml-schemas-3.15.jar:/home/local/SUTRIXMEDIA1/sac.le/.m2/repository/org/apache/xmlbeans/xmlbeans/2.6.0/xmlbeans-2.6.0.jar:/home/local/SUTRIXMEDIA1/sac.le/.m2/repository/stax/stax-api/1.0.1/stax-api-1.0.1.jar:/home/local/SUTRIXMEDIA1/sac.le/.m2/repository/com/github/virtuald/curvesapi/1.04/curvesapi-1.04.jar:/home/local/SUTRIXMEDIA1/sac.le/.m2/repository/org/apache/poi/poi/3.15/poi-3.15.jar:/home/local/SUTRIXMEDIA1/sac.le/.m2/repository/org/apache/commons/commons-collections4/4.1/commons-collections4-4.1.jar:/home/local/SUTRIXMEDIA1/sac.le/.m2/repository/info/cukes/cucumber-junit/1.2.5/cucumber-junit-1.2.5.jar:/home/local/SUTRIXMEDIA1/sac.le/.m2/repository/info/cukes/cucumber-core/1.2.5/cucumber-core-1.2.5.jar:/home/local/SUTRIXMEDIA1/sac.le/.m2/repository/info/cukes/cucumber-html/0.2.3/cucumber-html-0.2.3.jar:/home/local/SUTRIXMEDIA1/sac.le/.m2/repository/junit/junit/4.12/junit-4.12.jar:/home/local/SUTRIXMEDIA1/sac.le/.m2/repository/info/cukes/cucumber-picocontainer/1.2.5/cucumber-picocontainer-1.2.5.jar:/home/local/SUTRIXMEDIA1/sac.le/.m2/repository/info/cukes/cucumber-java/1.2.5/cucumber-java-1.2.5.jar:/home/local/SUTRIXMEDIA1/sac.le/.m2/repository/info/cukes/cucumber-jvm-deps/1.0.5/cucumber-jvm-deps-1.0.5.jar:/home/local/SUTRIXMEDIA1/sac.le/.m2/repository/info/cukes/gherkin/2.12.2/gherkin-2.12.2.jar:/home/local/SUTRIXMEDIA1/sac.le/.m2/repository/org/picocontainer/picocontainer/2.15/picocontainer-2.15.jar:/home/local/SUTRIXMEDIA1/sac.le/.m2/repository/org/eclipse/jetty/jetty-webapp/9.4.7.v20170914/jetty-webapp-9.4.7.v20170914.jar:/home/local/SUTRIXMEDIA1/sac.le/.m2/repository/org/eclipse/jetty/jetty-xml/9.4.7.v20170914/jetty-xml-9.4.7.v20170914.jar:/home/local/SUTRIXMEDIA1/sac.le/.m2/repository/org/eclipse/jetty/jetty-servlet/9.4.7.v20170914/jetty-servlet-9.4.7.v20170914.jar:/home/local/SUTRIXMEDIA1/sac.le/.m2/repository/org/eclipse/jetty/jetty-security/9.4.7.v20170914/jetty-security-9.4.7.v20170914.jar:/home/local/SUTRIXMEDIA1/sac.le/.m2/repository/org/eclipse/jetty/jetty-server/9.4.7.v20170914/jetty-server-9.4.7.v20170914.jar:/home/local/SUTRIXMEDIA1/sac.le/.m2/repository/org/seleniumhq/selenium/selenium-server/3.11.0/selenium-server-3.11.0.jar:/home/local/SUTRIXMEDIA1/sac.le/.m2/repository/org/seleniumhq/selenium/selenium-java/3.11.0/selenium-java-3.11.0.jar:/home/local/SUTRIXMEDIA1/sac.le/.m2/repository/org/seleniumhq/selenium/selenium-api/3.11.0/selenium-api-3.11.0.jar:/home/local/SUTRIXMEDIA1/sac.le/.m2/repository/org/seleniumhq/selenium/selenium-chrome-driver/3.11.0/selenium-chrome-driver-3.11.0.jar:/home/local/SUTRIXMEDIA1/sac.le/.m2/repository/org/seleniumhq/selenium/selenium-edge-driver/3.11.0/selenium-edge-driver-3.11.0.jar:/home/local/SUTRIXMEDIA1/sac.le/.m2/repository/org/seleniumhq/selenium/selenium-firefox-driver/3.11.0/selenium-firefox-driver-3.11.0.jar:/home/local/SUTRIXMEDIA1/sac.le/.m2/repository/org/seleniumhq/selenium/selenium-ie-driver/3.11.0/selenium-ie-driver-3.11.0.jar:/home/local/SUTRIXMEDIA1/sac.le/.m2/repository/org/seleniumhq/selenium/selenium-opera-driver/3.11.0/selenium-opera-driver-3.11.0.jar:/home/local/SUTRIXMEDIA1/sac.le/.m2/repository/org/seleniumhq/selenium/selenium-remote-driver/3.11.0/selenium-remote-driver-3.11.0.jar:/home/local/SUTRIXMEDIA1/sac.le/.m2/repository/org/seleniumhq/selenium/selenium-safari-driver/3.11.0/selenium-safari-driver-3.11.0.jar:/home/local/SUTRIXMEDIA1/sac.le/.m2/repository/com/beust/jcommander/1.72/jcommander-1.72.jar:/home/local/SUTRIXMEDIA1/sac.le/.m2/repository/net/bytebuddy/byte-buddy/1.7.9/byte-buddy-1.7.9.jar:/home/local/SUTRIXMEDIA1/sac.le/.m2/repository/org/apache/commons/commons-exec/1.3/commons-exec-1.3.jar:/home/local/SUTRIXMEDIA1/sac.le/.m2/repository/org/apache/commons/commons-text/1.1/commons-text-1.1.jar:/home/local/SUTRIXMEDIA1/sac.le/.m2/repository/commons-io/commons-io/2.6/commons-io-2.6.jar:/home/local/SUTRIXMEDIA1/sac.le/.m2/repository/commons-net/commons-net/3.6/commons-net-3.6.jar:/home/local/SUTRIXMEDIA1/sac.le/.m2/repository/org/w3c/css/sac/1.3/sac-1.3.jar:/home/local/SUTRIXMEDIA1/sac.le/.m2/repository/net/sourceforge/cssparser/cssparser/0.9.24/cssparser-0.9.24.jar:/home/local/SUTRIXMEDIA1/sac.le/.m2/repository/com/google/code/gson/gson/2.8.2/gson-2.8.2.jar:/home/local/SUTRIXMEDIA1/sac.le/.m2/repository/com/google/guava/guava/23.6-jre/guava-23.6-jre.jar:/home/local/SUTRIXMEDIA1/sac.le/.m2/repository/com/google/code/findbugs/jsr305/1.3.9/jsr305-1.3.9.jar:/home/local/SUTRIXMEDIA1/sac.le/.m2/repository/org/checkerframework/checker-compat-qual/2.0.0/checker-compat-qual-2.0.0.jar:/home/local/SUTRIXMEDIA1/sac.le/.m2/repository/com/google/errorprone/error_prone_annotations/2.1.3/error_prone_annotations-2.1.3.jar:/home/local/SUTRIXMEDIA1/sac.le/.m2/repository/com/google/j2objc/j2objc-annotations/1.1/j2objc-annotations-1.1.jar:/home/local/SUTRIXMEDIA1/sac.le/.m2/repository/org/codehaus/mojo/animal-sniffer-annotations/1.14/animal-sniffer-annotations-1.14.jar:/home/local/SUTRIXMEDIA1/sac.le/.m2/repository/net/sourceforge/htmlunit/htmlunit-core-js/2.28/htmlunit-core-js-2.28.jar:/home/local/SUTRIXMEDIA1/sac.le/.m2/repository/net/sourceforge/htmlunit/neko-htmlunit/2.28/neko-htmlunit-2.28.jar:/home/local/SUTRIXMEDIA1/sac.le/.m2/repository/org/apache/httpcomponents/httpmime/4.5.3/httpmime-4.5.3.jar:/home/local/SUTRIXMEDIA1/sac.le/.m2/repository/net/jcip/jcip-annotations/1.0/jcip-annotations-1.0.jar:/home/local/SUTRIXMEDIA1/sac.le/.m2/repository/org/seleniumhq/selenium/jetty-repacked/9.4.7.v20171121/jetty-repacked-9.4.7.v20171121.jar:/home/local/SUTRIXMEDIA1/sac.le/.m2/repository/org/eclipse/jetty/jetty-client/9.4.7.v20170914/jetty-client-9.4.7.v20170914.jar:/home/local/SUTRIXMEDIA1/sac.le/.m2/repository/org/eclipse/jetty/jetty-http/9.4.8.v20171121/jetty-http-9.4.8.v20171121.jar:/home/local/SUTRIXMEDIA1/sac.le/.m2/repository/org/eclipse/jetty/jetty-io/9.4.8.v20171121/jetty-io-9.4.8.v20171121.jar:/home/local/SUTRIXMEDIA1/sac.le/.m2/repository/org/eclipse/jetty/jetty-util/9.4.8.v20171121/jetty-util-9.4.8.v20171121.jar:/home/local/SUTRIXMEDIA1/sac.le/.m2/repository/com/squareup/okhttp3/okhttp/3.9.1/okhttp-3.9.1.jar:/home/local/SUTRIXMEDIA1/sac.le/.m2/repository/com/squareup/okio/okio/1.13.0/okio-1.13.0.jar:/home/local/SUTRIXMEDIA1/sac.le/.m2/repository/org/seleniumhq/selenium/htmlunit-driver/2.29.0/htmlunit-driver-2.29.0.jar:/home/local/SUTRIXMEDIA1/sac.le/.m2/repository/javax/servlet/javax.servlet-api/3.1.0/javax.servlet-api-3.1.0.jar:/home/local/SUTRIXMEDIA1/sac.le/.m2/repository/org/eclipse/jetty/websocket/websocket-api/9.4.7.v20170914/websocket-api-9.4.7.v20170914.jar:/home/local/SUTRIXMEDIA1/sac.le/.m2/repository/org/eclipse/jetty/websocket/websocket-client/9.4.7.v20170914/websocket-client-9.4.7.v20170914.jar:/home/local/SUTRIXMEDIA1/sac.le/.m2/repository/org/eclipse/jetty/websocket/websocket-common/9.4.7.v20170914/websocket-common-9.4.7.v20170914.jar:/home/local/SUTRIXMEDIA1/sac.le/.m2/repository/xalan/serializer/2.7.2/serializer-2.7.2.jar:/home/local/SUTRIXMEDIA1/sac.le/.m2/repository/xalan/xalan/2.7.2/xalan-2.7.2.jar:/home/local/SUTRIXMEDIA1/sac.le/.m2/repository/xerces/xercesImpl/2.11.0/xercesImpl-2.11.0.jar:/home/local/SUTRIXMEDIA1/sac.le/.m2/repository/org/yaml/snakeyaml/1.19/snakeyaml-1.19.jar:/home/local/SUTRIXMEDIA1/sac.le/.m2/repository/ru/yandex/qatools/ashot/ashot/1.5.4/ashot-1.5.4.jar:/home/local/SUTRIXMEDIA1/sac.le/.m2/repository/org/hamcrest/hamcrest-core/1.3/hamcrest-core-1.3.jar:/home/local/SUTRIXMEDIA1/sac.le/.m2/repository/log4j/log4j/1.2.17/log4j-1.2.17.jar:/home/local/SUTRIXMEDIA1/sac.le/.m2/repository/com/jayway/restassured/rest-assured/2.3.0/rest-assured-2.3.0.jar:/home/local/SUTRIXMEDIA1/sac.le/.m2/repository/org/codehaus/groovy/groovy/2.2.1/groovy-2.2.1.jar:/home/local/SUTRIXMEDIA1/sac.le/.m2/repository/org/ow2/asm/asm-tree/4.1/asm-tree-4.1.jar:/home/local/SUTRIXMEDIA1/sac.le/.m2/repository/antlr/antlr/2.7.7/antlr-2.7.7.jar:/home/local/SUTRIXMEDIA1/sac.le/.m2/repository/org/ow2/asm/asm-util/4.1/asm-util-4.1.jar:/home/local/SUTRIXMEDIA1/sac.le/.m2/repository/org/ow2/asm/asm-commons/4.1/asm-commons-4.1.jar:/home/local/SUTRIXMEDIA1/sac.le/.m2/repository/org/ow2/asm/asm/4.1/asm-4.1.jar:/home/local/SUTRIXMEDIA1/sac.le/.m2/repository/org/ow2/asm/asm-analysis/4.1/asm-analysis-4.1.jar:/home/local/SUTRIXMEDIA1/sac.le/.m2/repository/org/codehaus/groovy/groovy-xml/2.2.1/groovy-xml-2.2.1.jar:/home/local/SUTRIXMEDIA1/sac.le/.m2/repository/org/hamcrest/hamcrest-library/1.3/hamcrest-library-1.3.jar:/home/local/SUTRIXMEDIA1/sac.le/.m2/repository/org/ccil/cowan/tagsoup/tagsoup/1.2.1/tagsoup-1.2.1.jar:/home/local/SUTRIXMEDIA1/sac.le/.m2/repository/com/jayway/restassured/json-path/2.3.0/json-path-2.3.0.jar:/home/local/SUTRIXMEDIA1/sac.le/.m2/repository/org/codehaus/groovy/groovy-json/2.2.1/groovy-json-2.2.1.jar:/home/local/SUTRIXMEDIA1/sac.le/.m2/repository/com/jayway/restassured/rest-assured-common/2.3.0/rest-assured-common-2.3.0.jar:/home/local/SUTRIXMEDIA1/sac.le/.m2/repository/com/jayway/restassured/xml-path/2.3.0/xml-path-2.3.0.jar:/home/local/SUTRIXMEDIA1/sac.le/.m2/repository/org/im4java/im4java/1.4.0/im4java-1.4.0.jar:/home/local/SUTRIXMEDIA1/sac.le/.m2/repository/com/pojosontheweb/monte-repack/1.0/monte-repack-1.0.jar:/home/local/SUTRIXMEDIA1/sac.le/.m2/repository/javax/media/jai/com.springsource.javax.media.jai.core/1.1.3/com.springsource.javax.media.jai.core-1.1.3.jar:/home/local/SUTRIXMEDIA1/sac.le/.m2/repository/javax/media/jai/com.springsource.javax.media.jai.codec/1.1.3/com.springsource.javax.media.jai.codec-1.1.3.jar:/home/local/SUTRIXMEDIA1/sac.le/.m2/repository/javax/media/jmf/2.1.1e/jmf-2.1.1e.jar:/home/local/SUTRIXMEDIA1/sac.le/.m2/repository/net/coobird/thumbnailator/0.4.1/thumbnailator-0.4.1.jar:/home/local/SUTRIXMEDIA1/sac.le/.m2/repository/com/github/liamhayes1/jira-cucumber/1.12/jira-cucumber-1.12.jar:/home/local/SUTRIXMEDIA1/sac.le/.m2/repository/org/mockito/mockito-all/1.8.4/mockito-all-1.8.4.jar:/home/local/SUTRIXMEDIA1/sac.le/.m2/repository/org/slf4j/slf4j-api/1.7.12/slf4j-api-1.7.12.jar:/home/local/SUTRIXMEDIA1/sac.le/.m2/repository/org/slf4j/slf4j-simple/1.7.12/slf4j-simple-1.7.12.jar:/home/local/SUTRIXMEDIA1/sac.le/.m2/repository/com/vimalselvam/cucumber-extentsreport/3.1.0/cucumber-extentsreport-3.1.0.jar:/home/local/SUTRIXMEDIA1/sac.le/.m2/repository/com/aventstack/extentreports/3.1.1/extentreports-3.1.1.jar:/home/local/SUTRIXMEDIA1/sac.le/.m2/repository/org/freemarker/freemarker/2.3.23/freemarker-2.3.23.jar:/home/local/SUTRIXMEDIA1/sac.le/.m2/repository/org/mongodb/mongodb-driver/3.3.0/mongodb-driver-3.3.0.jar:/home/local/SUTRIXMEDIA1/sac.le/.m2/repository/org/mongodb/bson/3.3.0/bson-3.3.0.jar:/home/local/SUTRIXMEDIA1/sac.le/.m2/repository/org/mongodb/mongodb-driver-core/3.3.0/mongodb-driver-core-3.3.0.jar:/home/local/SUTRIXMEDIA1/sac.le/.m2/repository/org/jsoup/jsoup/1.9.2/jsoup-1.9.2.jar:/home/local/SUTRIXMEDIA1/sac.le/.m2/repository/com/relevantcodes/extentreports/2.41.2/extentreports-2.41.2.jar:/home/local/SUTRIXMEDIA1/sac.le/.m2/repository/org/xerial/sqlite-jdbc/3.8.11.1/sqlite-jdbc-3.8.11.1.jar:/home/local/SUTRIXMEDIA1/sac.le/.m2/repository/com/github/javafaker/javafaker/0.14/javafaker-0.14.jar:/home/local/SUTRIXMEDIA1/sac.le/.m2/repository/org/yaml/snakeyaml/1.19/snakeyaml-1.19-android.jar:/home/local/SUTRIXMEDIA1/sac.le/.m2/repository/com/github/mifmif/generex/1.0.2/generex-1.0.2.jar:/home/local/SUTRIXMEDIA1/sac.le/.m2/repository/dk/brics/automaton/automaton/1.11-8/automaton-1.11-8.jar:/home/local/SUTRIXMEDIA1/sac.le/.m2/repository/com/browserstack/browserstack-local-java/1.0.2/browserstack-local-java-1.0.2.jar:"/>
    <property name="java.vm.vendor" value="Oracle Corporation"/>
    <property name="sun.arch.data.model" value="64"/>
    <property name="java.vendor.url" value="http://java.oracle.com/"/>
    <property name="user.timezone" value=""/>
    <property name="java.vm.specification.version" value="1.8"/>
    <property name="os.name" value="Linux"/>
    <property name="user.country" value="US"/>
    <property name="sun.java.launcher" value="SUN_STANDARD"/>
    <property name="sun.boot.library.path" value="/media/DATA/101-libs/jdk1.8.0_101/jre/lib/amd64"/>
    <property name="sun.java.command" value="/media/DATA/000-Home/workspaces/workspace-aviva-uk/download-web-page/target/surefire/surefirebooter5459535041021454476.jar /media/DATA/000-Home/workspaces/workspace-aviva-uk/download-web-page/target/surefire 2018-11-09T09-12-04_290-jvmRun1 surefire3137935090395795975tmp surefire_07314460669205563647tmp"/>
    <property name="surefire.test.class.path" value="/media/DATA/000-Home/workspaces/workspace-aviva-uk/download-web-page/target/test-classes:/media/DATA/000-Home/workspaces/workspace-aviva-uk/download-web-page/target/classes:/media/DATA/000-Home/workspaces/workspace-aviva-uk/download-web-page/libs/qa-support-0.0.1-SNAPSHOT.jar:/home/local/SUTRIXMEDIA1/sac.le/.m2/repository/commons-validator/commons-validator/1.6/commons-validator-1.6.jar:/home/local/SUTRIXMEDIA1/sac.le/.m2/repository/commons-beanutils/commons-beanutils/1.9.2/commons-beanutils-1.9.2.jar:/home/local/SUTRIXMEDIA1/sac.le/.m2/repository/commons-digester/commons-digester/1.8.1/commons-digester-1.8.1.jar:/home/local/SUTRIXMEDIA1/sac.le/.m2/repository/commons-logging/commons-logging/1.2/commons-logging-1.2.jar:/home/local/SUTRIXMEDIA1/sac.le/.m2/repository/commons-collections/commons-collections/3.2.2/commons-collections-3.2.2.jar:/home/local/SUTRIXMEDIA1/sac.le/.m2/repository/org/glassfish/javax.json/1.0.4/javax.json-1.0.4.jar:/home/local/SUTRIXMEDIA1/sac.le/.m2/repository/org/apache/httpcomponents/httpclient/4.4/httpclient-4.4.jar:/home/local/SUTRIXMEDIA1/sac.le/.m2/repository/org/apache/httpcomponents/httpcore/4.4/httpcore-4.4.jar:/home/local/SUTRIXMEDIA1/sac.le/.m2/repository/commons-codec/commons-codec/1.9/commons-codec-1.9.jar:/home/local/SUTRIXMEDIA1/sac.le/.m2/repository/net/sf/json-lib/json-lib/2.4/json-lib-2.4-jdk15.jar:/home/local/SUTRIXMEDIA1/sac.le/.m2/repository/commons-lang/commons-lang/2.5/commons-lang-2.5.jar:/home/local/SUTRIXMEDIA1/sac.le/.m2/repository/net/sf/ezmorph/ezmorph/1.0.6/ezmorph-1.0.6.jar:/home/local/SUTRIXMEDIA1/sac.le/.m2/repository/org/codehaus/plexus/plexus-utils/3.0.1/plexus-utils-3.0.1.jar:/home/local/SUTRIXMEDIA1/sac.le/.m2/repository/org/apache/maven/maven-plugin-api/2.0/maven-plugin-api-2.0.jar:/home/local/SUTRIXMEDIA1/sac.le/.m2/repository/org/apache/maven/reporting/maven-reporting-api/2.0.8/maven-reporting-api-2.0.8.jar:/home/local/SUTRIXMEDIA1/sac.le/.m2/repository/org/apache/maven/doxia/doxia-sink-api/1.0-alpha-9/doxia-sink-api-1.0-alpha-9.jar:/home/local/SUTRIXMEDIA1/sac.le/.m2/repository/org/apache/maven/reporting/maven-reporting-impl/2.0.4.3/maven-reporting-impl-2.0.4.3.jar:/home/local/SUTRIXMEDIA1/sac.le/.m2/repository/org/apache/maven/maven-project/2.0.4/maven-project-2.0.4.jar:/home/local/SUTRIXMEDIA1/sac.le/.m2/repository/org/apache/maven/maven-settings/2.0.4/maven-settings-2.0.4.jar:/home/local/SUTRIXMEDIA1/sac.le/.m2/repository/org/apache/maven/maven-profile/2.0.4/maven-profile-2.0.4.jar:/home/local/SUTRIXMEDIA1/sac.le/.m2/repository/org/apache/maven/maven-model/2.0.4/maven-model-2.0.4.jar:/home/local/SUTRIXMEDIA1/sac.le/.m2/repository/org/apache/maven/maven-artifact-manager/2.0.4/maven-artifact-manager-2.0.4.jar:/home/local/SUTRIXMEDIA1/sac.le/.m2/repository/org/apache/maven/maven-repository-metadata/2.0.4/maven-repository-metadata-2.0.4.jar:/home/local/SUTRIXMEDIA1/sac.le/.m2/repository/org/apache/maven/wagon/wagon-provider-api/1.0-alpha-6/wagon-provider-api-1.0-alpha-6.jar:/home/local/SUTRIXMEDIA1/sac.le/.m2/repository/org/apache/maven/maven-artifact/2.0.4/maven-artifact-2.0.4.jar:/home/local/SUTRIXMEDIA1/sac.le/.m2/repository/org/codehaus/plexus/plexus-container-default/1.0-alpha-9/plexus-container-default-1.0-alpha-9.jar:/home/local/SUTRIXMEDIA1/sac.le/.m2/repository/classworlds/classworlds/1.1-alpha-2/classworlds-1.1-alpha-2.jar:/home/local/SUTRIXMEDIA1/sac.le/.m2/repository/org/apache/maven/doxia/doxia-core/1.0/doxia-core-1.0.jar:/home/local/SUTRIXMEDIA1/sac.le/.m2/repository/org/apache/maven/doxia/doxia-site-renderer/1.0/doxia-site-renderer-1.0.jar:/home/local/SUTRIXMEDIA1/sac.le/.m2/repository/org/codehaus/plexus/plexus-i18n/1.0-beta-7/plexus-i18n-1.0-beta-7.jar:/home/local/SUTRIXMEDIA1/sac.le/.m2/repository/org/codehaus/plexus/plexus-velocity/1.1.7/plexus-velocity-1.1.7.jar:/home/local/SUTRIXMEDIA1/sac.le/.m2/repository/org/apache/velocity/velocity/1.5/velocity-1.5.jar:/home/local/SUTRIXMEDIA1/sac.le/.m2/repository/oro/oro/2.0.8/oro-2.0.8.jar:/home/local/SUTRIXMEDIA1/sac.le/.m2/repository/org/apache/maven/doxia/doxia-decoration-model/1.0/doxia-decoration-model-1.0.jar:/home/local/SUTRIXMEDIA1/sac.le/.m2/repository/org/apache/maven/doxia/doxia-module-apt/1.0/doxia-module-apt-1.0.jar:/home/local/SUTRIXMEDIA1/sac.le/.m2/repository/org/apache/maven/doxia/doxia-module-fml/1.0/doxia-module-fml-1.0.jar:/home/local/SUTRIXMEDIA1/sac.le/.m2/repository/org/apache/maven/doxia/doxia-module-xdoc/1.0/doxia-module-xdoc-1.0.jar:/home/local/SUTRIXMEDIA1/sac.le/.m2/repository/org/apache/maven/doxia/doxia-module-xhtml/1.0/doxia-module-xhtml-1.0.jar:/home/local/SUTRIXMEDIA1/sac.le/.m2/repository/org/apache/maven/shared/maven-doxia-tools/1.0.2/maven-doxia-tools-1.0.2.jar:/home/local/SUTRIXMEDIA1/sac.le/.m2/repository/org/json/json/20151123/json-20151123.jar:/home/local/SUTRIXMEDIA1/sac.le/.m2/repository/net/arnx/jsonic/1.3.0/jsonic-1.3.0.jar:/home/local/SUTRIXMEDIA1/sac.le/.m2/repository/org/apache/commons/commons-lang3/3.0/commons-lang3-3.0.jar:/home/local/SUTRIXMEDIA1/sac.le/.m2/repository/org/seleniumhq/selenium/selenium-htmlunit-driver/2.52.0/selenium-htmlunit-driver-2.52.0.jar:/home/local/SUTRIXMEDIA1/sac.le/.m2/repository/org/seleniumhq/selenium/selenium-support/2.52.0/selenium-support-2.52.0.jar:/home/local/SUTRIXMEDIA1/sac.le/.m2/repository/net/sourceforge/htmlunit/htmlunit/2.18/htmlunit-2.18.jar:/home/local/SUTRIXMEDIA1/sac.le/.m2/repository/net/sourceforge/nekohtml/nekohtml/1.9.22/nekohtml-1.9.22.jar:/home/local/SUTRIXMEDIA1/sac.le/.m2/repository/xml-apis/xml-apis/1.4.01/xml-apis-1.4.01.jar:/home/local/SUTRIXMEDIA1/sac.le/.m2/repository/org/apache/poi/poi-ooxml/3.15/poi-ooxml-3.15.jar:/home/local/SUTRIXMEDIA1/sac.le/.m2/repository/org/apache/poi/poi-ooxml-schemas/3.15/poi-ooxml-schemas-3.15.jar:/home/local/SUTRIXMEDIA1/sac.le/.m2/repository/org/apache/xmlbeans/xmlbeans/2.6.0/xmlbeans-2.6.0.jar:/home/local/SUTRIXMEDIA1/sac.le/.m2/repository/stax/stax-api/1.0.1/stax-api-1.0.1.jar:/home/local/SUTRIXMEDIA1/sac.le/.m2/repository/com/github/virtuald/curvesapi/1.04/curvesapi-1.04.jar:/home/local/SUTRIXMEDIA1/sac.le/.m2/repository/org/apache/poi/poi/3.15/poi-3.15.jar:/home/local/SUTRIXMEDIA1/sac.le/.m2/repository/org/apache/commons/commons-collections4/4.1/commons-collections4-4.1.jar:/home/local/SUTRIXMEDIA1/sac.le/.m2/repository/info/cukes/cucumber-junit/1.2.5/cucumber-junit-1.2.5.jar:/home/local/SUTRIXMEDIA1/sac.le/.m2/repository/info/cukes/cucumber-core/1.2.5/cucumber-core-1.2.5.jar:/home/local/SUTRIXMEDIA1/sac.le/.m2/repository/info/cukes/cucumber-html/0.2.3/cucumber-html-0.2.3.jar:/home/local/SUTRIXMEDIA1/sac.le/.m2/repository/junit/junit/4.12/junit-4.12.jar:/home/local/SUTRIXMEDIA1/sac.le/.m2/repository/info/cukes/cucumber-picocontainer/1.2.5/cucumber-picocontainer-1.2.5.jar:/home/local/SUTRIXMEDIA1/sac.le/.m2/repository/info/cukes/cucumber-java/1.2.5/cucumber-java-1.2.5.jar:/home/local/SUTRIXMEDIA1/sac.le/.m2/repository/info/cukes/cucumber-jvm-deps/1.0.5/cucumber-jvm-deps-1.0.5.jar:/home/local/SUTRIXMEDIA1/sac.le/.m2/repository/info/cukes/gherkin/2.12.2/gherkin-2.12.2.jar:/home/local/SUTRIXMEDIA1/sac.le/.m2/repository/org/picocontainer/picocontainer/2.15/picocontainer-2.15.jar:/home/local/SUTRIXMEDIA1/sac.le/.m2/repository/org/eclipse/jetty/jetty-webapp/9.4.7.v20170914/jetty-webapp-9.4.7.v20170914.jar:/home/local/SUTRIXMEDIA1/sac.le/.m2/repository/org/eclipse/jetty/jetty-xml/9.4.7.v20170914/jetty-xml-9.4.7.v20170914.jar:/home/local/SUTRIXMEDIA1/sac.le/.m2/repository/org/eclipse/jetty/jetty-servlet/9.4.7.v20170914/jetty-servlet-9.4.7.v20170914.jar:/home/local/SUTRIXMEDIA1/sac.le/.m2/repository/org/eclipse/jetty/jetty-security/9.4.7.v20170914/jetty-security-9.4.7.v20170914.jar:/home/local/SUTRIXMEDIA1/sac.le/.m2/repository/org/eclipse/jetty/jetty-server/9.4.7.v20170914/jetty-server-9.4.7.v20170914.jar:/home/local/SUTRIXMEDIA1/sac.le/.m2/repository/org/seleniumhq/selenium/selenium-server/3.11.0/selenium-server-3.11.0.jar:/home/local/SUTRIXMEDIA1/sac.le/.m2/repository/org/seleniumhq/selenium/selenium-java/3.11.0/selenium-java-3.11.0.jar:/home/local/SUTRIXMEDIA1/sac.le/.m2/repository/org/seleniumhq/selenium/selenium-api/3.11.0/selenium-api-3.11.0.jar:/home/local/SUTRIXMEDIA1/sac.le/.m2/repository/org/seleniumhq/selenium/selenium-chrome-driver/3.11.0/selenium-chrome-driver-3.11.0.jar:/home/local/SUTRIXMEDIA1/sac.le/.m2/repository/org/seleniumhq/selenium/selenium-edge-driver/3.11.0/selenium-edge-driver-3.11.0.jar:/home/local/SUTRIXMEDIA1/sac.le/.m2/repository/org/seleniumhq/selenium/selenium-firefox-driver/3.11.0/selenium-firefox-driver-3.11.0.jar:/home/local/SUTRIXMEDIA1/sac.le/.m2/repository/org/seleniumhq/selenium/selenium-ie-driver/3.11.0/selenium-ie-driver-3.11.0.jar:/home/local/SUTRIXMEDIA1/sac.le/.m2/repository/org/seleniumhq/selenium/selenium-opera-driver/3.11.0/selenium-opera-driver-3.11.0.jar:/home/local/SUTRIXMEDIA1/sac.le/.m2/repository/org/seleniumhq/selenium/selenium-remote-driver/3.11.0/selenium-remote-driver-3.11.0.jar:/home/local/SUTRIXMEDIA1/sac.le/.m2/repository/org/seleniumhq/selenium/selenium-safari-driver/3.11.0/selenium-safari-driver-3.11.0.jar:/home/local/SUTRIXMEDIA1/sac.le/.m2/repository/com/beust/jcommander/1.72/jcommander-1.72.jar:/home/local/SUTRIXMEDIA1/sac.le/.m2/repository/net/bytebuddy/byte-buddy/1.7.9/byte-buddy-1.7.9.jar:/home/local/SUTRIXMEDIA1/sac.le/.m2/repository/org/apache/commons/commons-exec/1.3/commons-exec-1.3.jar:/home/local/SUTRIXMEDIA1/sac.le/.m2/repository/org/apache/commons/commons-text/1.1/commons-text-1.1.jar:/home/local/SUTRIXMEDIA1/sac.le/.m2/repository/commons-io/commons-io/2.6/commons-io-2.6.jar:/home/local/SUTRIXMEDIA1/sac.le/.m2/repository/commons-net/commons-net/3.6/commons-net-3.6.jar:/home/local/SUTRIXMEDIA1/sac.le/.m2/repository/org/w3c/css/sac/1.3/sac-1.3.jar:/home/local/SUTRIXMEDIA1/sac.le/.m2/repository/net/sourceforge/cssparser/cssparser/0.9.24/cssparser-0.9.24.jar:/home/local/SUTRIXMEDIA1/sac.le/.m2/repository/com/google/code/gson/gson/2.8.2/gson-2.8.2.jar:/home/local/SUTRIXMEDIA1/sac.le/.m2/repository/com/google/guava/guava/23.6-jre/guava-23.6-jre.jar:/home/local/SUTRIXMEDIA1/sac.le/.m2/repository/com/google/code/findbugs/jsr305/1.3.9/jsr305-1.3.9.jar:/home/local/SUTRIXMEDIA1/sac.le/.m2/repository/org/checkerframework/checker-compat-qual/2.0.0/checker-compat-qual-2.0.0.jar:/home/local/SUTRIXMEDIA1/sac.le/.m2/repository/com/google/errorprone/error_prone_annotations/2.1.3/error_prone_annotations-2.1.3.jar:/home/local/SUTRIXMEDIA1/sac.le/.m2/repository/com/google/j2objc/j2objc-annotations/1.1/j2objc-annotations-1.1.jar:/home/local/SUTRIXMEDIA1/sac.le/.m2/repository/org/codehaus/mojo/animal-sniffer-annotations/1.14/animal-sniffer-annotations-1.14.jar:/home/local/SUTRIXMEDIA1/sac.le/.m2/repository/net/sourceforge/htmlunit/htmlunit-core-js/2.28/htmlunit-core-js-2.28.jar:/home/local/SUTRIXMEDIA1/sac.le/.m2/repository/net/sourceforge/htmlunit/neko-htmlunit/2.28/neko-htmlunit-2.28.jar:/home/local/SUTRIXMEDIA1/sac.le/.m2/repository/org/apache/httpcomponents/httpmime/4.5.3/httpmime-4.5.3.jar:/home/local/SUTRIXMEDIA1/sac.le/.m2/repository/net/jcip/jcip-annotations/1.0/jcip-annotations-1.0.jar:/home/local/SUTRIXMEDIA1/sac.le/.m2/repository/org/seleniumhq/selenium/jetty-repacked/9.4.7.v20171121/jetty-repacked-9.4.7.v20171121.jar:/home/local/SUTRIXMEDIA1/sac.le/.m2/repository/org/eclipse/jetty/jetty-client/9.4.7.v20170914/jetty-client-9.4.7.v20170914.jar:/home/local/SUTRIXMEDIA1/sac.le/.m2/repository/org/eclipse/jetty/jetty-http/9.4.8.v20171121/jetty-http-9.4.8.v20171121.jar:/home/local/SUTRIXMEDIA1/sac.le/.m2/repository/org/eclipse/jetty/jetty-io/9.4.8.v20171121/jetty-io-9.4.8.v20171121.jar:/home/local/SUTRIXMEDIA1/sac.le/.m2/repository/org/eclipse/jetty/jetty-util/9.4.8.v20171121/jetty-util-9.4.8.v20171121.jar:/home/local/SUTRIXMEDIA1/sac.le/.m2/repository/com/squareup/okhttp3/okhttp/3.9.1/okhttp-3.9.1.jar:/home/local/SUTRIXMEDIA1/sac.le/.m2/repository/com/squareup/okio/okio/1.13.0/okio-1.13.0.jar:/home/local/SUTRIXMEDIA1/sac.le/.m2/repository/org/seleniumhq/selenium/htmlunit-driver/2.29.0/htmlunit-driver-2.29.0.jar:/home/local/SUTRIXMEDIA1/sac.le/.m2/repository/javax/servlet/javax.servlet-api/3.1.0/javax.servlet-api-3.1.0.jar:/home/local/SUTRIXMEDIA1/sac.le/.m2/repository/org/eclipse/jetty/websocket/websocket-api/9.4.7.v20170914/websocket-api-9.4.7.v20170914.jar:/home/local/SUTRIXMEDIA1/sac.le/.m2/repository/org/eclipse/jetty/websocket/websocket-client/9.4.7.v20170914/websocket-client-9.4.7.v20170914.jar:/home/local/SUTRIXMEDIA1/sac.le/.m2/repository/org/eclipse/jetty/websocket/websocket-common/9.4.7.v20170914/websocket-common-9.4.7.v20170914.jar:/home/local/SUTRIXMEDIA1/sac.le/.m2/repository/xalan/serializer/2.7.2/serializer-2.7.2.jar:/home/local/SUTRIXMEDIA1/sac.le/.m2/repository/xalan/xalan/2.7.2/xalan-2.7.2.jar:/home/local/SUTRIXMEDIA1/sac.le/.m2/repository/xerces/xercesImpl/2.11.0/xercesImpl-2.11.0.jar:/home/local/SUTRIXMEDIA1/sac.le/.m2/repository/org/yaml/snakeyaml/1.19/snakeyaml-1.19.jar:/home/local/SUTRIXMEDIA1/sac.le/.m2/repository/ru/yandex/qatools/ashot/ashot/1.5.4/ashot-1.5.4.jar:/home/local/SUTRIXMEDIA1/sac.le/.m2/repository/org/hamcrest/hamcrest-core/1.3/hamcrest-core-1.3.jar:/home/local/SUTRIXMEDIA1/sac.le/.m2/repository/log4j/log4j/1.2.17/log4j-1.2.17.jar:/home/local/SUTRIXMEDIA1/sac.le/.m2/repository/com/jayway/restassured/rest-assured/2.3.0/rest-assured-2.3.0.jar:/home/local/SUTRIXMEDIA1/sac.le/.m2/repository/org/codehaus/groovy/groovy/2.2.1/groovy-2.2.1.jar:/home/local/SUTRIXMEDIA1/sac.le/.m2/repository/org/ow2/asm/asm-tree/4.1/asm-tree-4.1.jar:/home/local/SUTRIXMEDIA1/sac.le/.m2/repository/antlr/antlr/2.7.7/antlr-2.7.7.jar:/home/local/SUTRIXMEDIA1/sac.le/.m2/repository/org/ow2/asm/asm-util/4.1/asm-util-4.1.jar:/home/local/SUTRIXMEDIA1/sac.le/.m2/repository/org/ow2/asm/asm-commons/4.1/asm-commons-4.1.jar:/home/local/SUTRIXMEDIA1/sac.le/.m2/repository/org/ow2/asm/asm/4.1/asm-4.1.jar:/home/local/SUTRIXMEDIA1/sac.le/.m2/repository/org/ow2/asm/asm-analysis/4.1/asm-analysis-4.1.jar:/home/local/SUTRIXMEDIA1/sac.le/.m2/repository/org/codehaus/groovy/groovy-xml/2.2.1/groovy-xml-2.2.1.jar:/home/local/SUTRIXMEDIA1/sac.le/.m2/repository/org/hamcrest/hamcrest-library/1.3/hamcrest-library-1.3.jar:/home/local/SUTRIXMEDIA1/sac.le/.m2/repository/org/ccil/cowan/tagsoup/tagsoup/1.2.1/tagsoup-1.2.1.jar:/home/local/SUTRIXMEDIA1/sac.le/.m2/repository/com/jayway/restassured/json-path/2.3.0/json-path-2.3.0.jar:/home/local/SUTRIXMEDIA1/sac.le/.m2/repository/org/codehaus/groovy/groovy-json/2.2.1/groovy-json-2.2.1.jar:/home/local/SUTRIXMEDIA1/sac.le/.m2/repository/com/jayway/restassured/rest-assured-common/2.3.0/rest-assured-common-2.3.0.jar:/home/local/SUTRIXMEDIA1/sac.le/.m2/repository/com/jayway/restassured/xml-path/2.3.0/xml-path-2.3.0.jar:/home/local/SUTRIXMEDIA1/sac.le/.m2/repository/org/im4java/im4java/1.4.0/im4java-1.4.0.jar:/home/local/SUTRIXMEDIA1/sac.le/.m2/repository/com/pojosontheweb/monte-repack/1.0/monte-repack-1.0.jar:/home/local/SUTRIXMEDIA1/sac.le/.m2/repository/javax/media/jai/com.springsource.javax.media.jai.core/1.1.3/com.springsource.javax.media.jai.core-1.1.3.jar:/home/local/SUTRIXMEDIA1/sac.le/.m2/repository/javax/media/jai/com.springsource.javax.media.jai.codec/1.1.3/com.springsource.javax.media.jai.codec-1.1.3.jar:/home/local/SUTRIXMEDIA1/sac.le/.m2/repository/javax/media/jmf/2.1.1e/jmf-2.1.1e.jar:/home/local/SUTRIXMEDIA1/sac.le/.m2/repository/net/coobird/thumbnailator/0.4.1/thumbnailator-0.4.1.jar:/home/local/SUTRIXMEDIA1/sac.le/.m2/repository/com/github/liamhayes1/jira-cucumber/1.12/jira-cucumber-1.12.jar:/home/local/SUTRIXMEDIA1/sac.le/.m2/repository/org/mockito/mockito-all/1.8.4/mockito-all-1.8.4.jar:/home/local/SUTRIXMEDIA1/sac.le/.m2/repository/org/slf4j/slf4j-api/1.7.12/slf4j-api-1.7.12.jar:/home/local/SUTRIXMEDIA1/sac.le/.m2/repository/org/slf4j/slf4j-simple/1.7.12/slf4j-simple-1.7.12.jar:/home/local/SUTRIXMEDIA1/sac.le/.m2/repository/com/vimalselvam/cucumber-extentsreport/3.1.0/cucumber-extentsreport-3.1.0.jar:/home/local/SUTRIXMEDIA1/sac.le/.m2/repository/com/aventstack/extentreports/3.1.1/extentreports-3.1.1.jar:/home/local/SUTRIXMEDIA1/sac.le/.m2/repository/org/freemarker/freemarker/2.3.23/freemarker-2.3.23.jar:/home/local/SUTRIXMEDIA1/sac.le/.m2/repository/org/mongodb/mongodb-driver/3.3.0/mongodb-driver-3.3.0.jar:/home/local/SUTRIXMEDIA1/sac.le/.m2/repository/org/mongodb/bson/3.3.0/bson-3.3.0.jar:/home/local/SUTRIXMEDIA1/sac.le/.m2/repository/org/mongodb/mongodb-driver-core/3.3.0/mongodb-driver-core-3.3.0.jar:/home/local/SUTRIXMEDIA1/sac.le/.m2/repository/org/jsoup/jsoup/1.9.2/jsoup-1.9.2.jar:/home/local/SUTRIXMEDIA1/sac.le/.m2/repository/com/relevantcodes/extentreports/2.41.2/extentreports-2.41.2.jar:/home/local/SUTRIXMEDIA1/sac.le/.m2/repository/org/xerial/sqlite-jdbc/3.8.11.1/sqlite-jdbc-3.8.11.1.jar:/home/local/SUTRIXMEDIA1/sac.le/.m2/repository/com/github/javafaker/javafaker/0.14/javafaker-0.14.jar:/home/local/SUTRIXMEDIA1/sac.le/.m2/repository/org/yaml/snakeyaml/1.19/snakeyaml-1.19-android.jar:/home/local/SUTRIXMEDIA1/sac.le/.m2/repository/com/github/mifmif/generex/1.0.2/generex-1.0.2.jar:/home/local/SUTRIXMEDIA1/sac.le/.m2/repository/dk/brics/automaton/automaton/1.11-8/automaton-1.11-8.jar:/home/local/SUTRIXMEDIA1/sac.le/.m2/repository/com/browserstack/browserstack-local-java/1.0.2/browserstack-local-java-1.0.2.jar:"/>
    <property name="sun.cpu.endian" value="little"/>
    <property name="user.home" value="/home/local/SUTRIXMEDIA1/sac.le"/>
    <property name="user.language" value="en"/>
    <property name="java.specification.vendor" value="Oracle Corporation"/>
    <property name="java.home" value="/media/DATA/101-libs/jdk1.8.0_101/jre"/>
    <property name="basedir" value="/media/DATA/000-Home/workspaces/workspace-aviva-uk/download-web-page"/>
    <property name="file.separator" value="/"/>
    <property name="line.separator" value="&#10;"/>
    <property name="filename" value=""/>
    <property name="java.vm.specification.vendor" value="Oracle Corporation"/>
    <property name="java.specification.name" value="Java Platform API Specification"/>
    <property name="java.awt.graphicsenv" value="sun.awt.X11GraphicsEnvironment"/>
    <property name="surefire.real.class.path" value="/media/DATA/000-Home/workspaces/workspace-aviva-uk/download-web-page/target/surefire/surefirebooter5459535041021454476.jar"/>
    <property name="sun.boot.class.path" value="/media/DATA/101-libs/jdk1.8.0_101/jre/lib/resources.jar:/media/DATA/101-libs/jdk1.8.0_101/jre/lib/rt.jar:/media/DATA/101-libs/jdk1.8.0_101/jre/lib/sunrsasign.jar:/media/DATA/101-libs/jdk1.8.0_101/jre/lib/jsse.jar:/media/DATA/101-libs/jdk1.8.0_101/jre/lib/jce.jar:/media/DATA/101-libs/jdk1.8.0_101/jre/lib/charsets.jar:/media/DATA/101-libs/jdk1.8.0_101/jre/lib/jfr.jar:/media/DATA/101-libs/jdk1.8.0_101/jre/classes"/>
    <property name="sun.management.compiler" value="HotSpot 64-Bit Tiered Compilers"/>
    <property name="java.runtime.version" value="1.8.0_101-b13"/>
    <property name="user.name" value="sac.le"/>
    <property name="path.separator" value=":"/>
    <property name="os.version" value="4.15.0-36-generic"/>
    <property name="java.endorsed.dirs" value="/media/DATA/101-libs/jdk1.8.0_101/jre/lib/endorsed"/>
    <property name="java.runtime.name" value="Java(TM) SE Runtime Environment"/>
    <property name="file.encoding" value="UTF-8"/>
    <property name="java.vm.name" value="Java HotSpot(TM) 64-Bit Server VM"/>
    <property name="localRepository" value="/home/local/SUTRIXMEDIA1/sac.le/.m2/repository"/>
    <property name="java.vendor.url.bug" value="http://bugreport.sun.com/bugreport/"/>
    <property name="java.io.tmpdir" value="/tmp"/>
    <property name="java.version" value="1.8.0_101"/>
    <property name="user.dir" value="/media/DATA/000-Home/workspaces/workspace-aviva-uk/download-web-page"/>
    <property name="propertiesConfig" value=""/>
    <property name="os.arch" value="amd64"/>
    <property name="java.vm.specification.name" value="Java Virtual Machine Specification"/>
    <property name="java.awt.printerjob" value="sun.print.PSPrinterJob"/>
    <property name="sun.os.patch.level" value="unknown"/>
    <property name="java.library.path" value="/usr/java/packages/lib/amd64:/usr/lib64:/lib64:/lib:/usr/lib"/>
    <property name="java.vm.info" value="mixed mode"/>
    <property name="java.vendor" value="Oracle Corporation"/>
    <property name="java.vm.version" value="25.101-b13"/>
    <property name="java.ext.dirs" value="/media/DATA/101-libs/jdk1.8.0_101/jre/lib/ext:/usr/java/packages/lib/ext"/>
    <property name="sun.io.unicode.encoding" value="UnicodeLittle"/>
    <property name="java.class.version" value="52.0"/>
  </properties>
  <testcase name="open" classname="com.sacle.MyTest" time="189.846"/>
</testsuite>